<?xml version="1.0" encoding="UTF-8"?>
<!-- Generated by org.testng.reporters.JUnitReportReporter -->
<testsuite skipped="0" hostname="ip-172-31-35-155" name="test.project" tests="1" failures="0" timestamp="2020-05-10T17:41:31 UTC" time="0.006" errors="0">
  <testcase name="hello" time="0.006" classname="test.project"/>
  <system-out/>
</testsuite> <!-- test.project -->
